<?xml version="1.0" encoding="UTF-8"?>
<!-- Generated by org.testng.reporters.JUnitReportReporter -->
<testsuite hostname="oleks-Aspire-A515-55G" failures="0" tests="1" name="testCases.CreateEventTest" time="0.966" errors="0" timestamp="22 Oct 2022 11:16:06 GMT" skipped="0">
  <testcase classname="testCases.CreateEventTest" name="createEventTest" time="0.966"/>
</testsuite> <!-- testCases.CreateEventTest -->
